<?xml version="1.0" encoding="UTF-8"?>
<testsuite xmlns:xsi="http://www.w3.org/2001/XMLSchema-instance" xsi:schemaLocation="https://maven.apache.org/surefire/maven-surefire-plugin/xsd/surefire-test-report.xsd" name="io.demo.tests.MySimpleTest" time="0.023" tests="5" errors="1" skipped="0" failures="1">
  <properties>
[...]
</properties>
  <testcase name="test4" classname="io.demo.tests.MySimpleTest" time="0.003"/>
  <testcase name="test2" classname="io.demo.tests.MySimpleTest" time="0.005">
    <error type="java.lang.IllegalArgumentException">java.lang.IllegalArgumentException
	at io.demo.tests.MySimpleTest.test2(MySimpleTest.java:17)
</error>
  </testcase>
  <testcase name="test1" classname="io.demo.tests.MySimpleTest" time="0"/>
  <testcase name="test3" classname="io.demo.tests.MySimpleTest" time="0"/>
  <testcase name="test5" classname="io.demo.tests.MySimpleTest" time="0.001">
    <failure message="expected:&lt; : &gt; but was:&lt;:&gt;" type="junit.framework.ComparisonFailure"><![CDATA[junit.framework.ComparisonFailure: expected:< : > but was:<:>
	at junit.framework.Assert.assertEquals(Assert.java:81)
	at junit.framework.Assert.assertEquals(Assert.java:87)
	at io.demo.tests.MySimpleTest.test5(MySimpleTest.java:31)
]]></failure>
  </testcase>
</testsuite>